C:\USERS\VOVA\DOCUMENTS\VISUAL STUDIO 2012\PROJECTS\CALCULATOR\CALCULATOR\DEBUG\CALCULATOR.PCH
C:\USERS\VOVA\DOCUMENTS\VISUAL STUDIO 2012\PROJECTS\CALCULATOR\CALCULATOR\DEBUG\STDAFX.OBJ
C:\USERS\VOVA\DOCUMENTS\VISUAL STUDIO 2012\PROJECTS\CALCULATOR\CALCULATOR\DEBUG\VC110.PDB
C:\USERS\VOVA\DOCUMENTS\VISUAL STUDIO 2012\PROJECTS\CALCULATOR\CALCULATOR\DEBUG\CALCULATOR.OBJ
C:\USERS\VOVA\DOCUMENTS\VISUAL STUDIO 2012\PROJECTS\CALCULATOR\CALCULATOR\DEBUG\CALCULATORAPP.OBJ
C:\USERS\VOVA\DOCUMENTS\VISUAL STUDIO 2012\PROJECTS\CALCULATOR\CALCULATOR\DEBUG\CALCULATORDLG.OBJ
C:\USERS\VOVA\DOCUMENTS\VISUAL STUDIO 2012\PROJECTS\CALCULATOR\DEBUG\CALCULATOR.ILK
C:\USERS\VOVA\DOCUMENTS\VISUAL STUDIO 2012\PROJECTS\CALCULATOR\DEBUG\CALCULATOR.EXE
C:\USERS\VOVA\DOCUMENTS\VISUAL STUDIO 2012\PROJECTS\CALCULATOR\DEBUG\CALCULATOR.PDB
C:\USERS\VOVA\DOCUMENTS\VISUAL STUDIO 2012\PROJECTS\CALCULATOR\CALCULATOR\DEBUG\CALCULATOR.RES
C:\Users\vova\documents\visual studio 2012\Projects\Calculator\Calculator\Debug\Calculator.obj
C:\Users\vova\documents\visual studio 2012\Projects\Calculator\Calculator\Debug\CalculatorApp.obj
C:\Users\vova\documents\visual studio 2012\Projects\Calculator\Calculator\Debug\CalculatorDlg.obj
C:\Users\vova\documents\visual studio 2012\Projects\Calculator\Calculator\Debug\stdafx.obj
C:\Users\vova\documents\visual studio 2012\Projects\Calculator\Calculator\Debug\cl.command.1.tlog
C:\Users\vova\documents\visual studio 2012\Projects\Calculator\Calculator\Debug\CL.read.1.tlog
C:\Users\vova\documents\visual studio 2012\Projects\Calculator\Calculator\Debug\CL.write.1.tlog
C:\Users\vova\documents\visual studio 2012\Projects\Calculator\Calculator\Debug\link-cvtres.read.1.tlog
C:\Users\vova\documents\visual studio 2012\Projects\Calculator\Calculator\Debug\link-cvtres.write.1.tlog
C:\Users\vova\documents\visual studio 2012\Projects\Calculator\Calculator\Debug\link-mt.read.1.tlog
C:\Users\vova\documents\visual studio 2012\Projects\Calculator\Calculator\Debug\link-mt.write.1.tlog
C:\Users\vova\documents\visual studio 2012\Projects\Calculator\Calculator\Debug\link-rc.read.1.tlog
C:\Users\vova\documents\visual studio 2012\Projects\Calculator\Calculator\Debug\link-rc.write.1.tlog
C:\Users\vova\documents\visual studio 2012\Projects\Calculator\Calculator\Debug\link.command.1.tlog
C:\Users\vova\documents\visual studio 2012\Projects\Calculator\Calculator\Debug\link.read.1.tlog
C:\Users\vova\documents\visual studio 2012\Projects\Calculator\Calculator\Debug\link.write.1.tlog
C:\Users\vova\documents\visual studio 2012\Projects\Calculator\Calculator\Debug\rc.command.1.tlog
C:\Users\vova\documents\visual studio 2012\Projects\Calculator\Calculator\Debug\rc.read.1.tlog
C:\Users\vova\documents\visual studio 2012\Projects\Calculator\Calculator\Debug\rc.write.1.tlog
C:\Users\vova\documents\visual studio 2012\Projects\Calculator\Calculator\Debug\Calculator.res
C:\Users\vova\documents\visual studio 2012\Projects\Calculator\Calculator\Debug\Calculator.pch
C:\Users\vova\documents\visual studio 2012\Projects\Calculator\Calculator\Debug\vc110.idb
C:\Users\vova\documents\visual studio 2012\Projects\Calculator\Calculator\Debug\vc110.pdb
C:\Users\vova\documents\visual studio 2012\Projects\Calculator\Debug\Calculator.pdb
C:\Users\vova\documents\visual studio 2012\Projects\Calculator\Debug\Calculator.exe
C:\Users\vova\documents\visual studio 2012\Projects\Calculator\Debug\Calculator.ilk
