Build started 02.05.2016 13:34:35.
     1>Project "C:\Users\vova\documents\visual studio 2012\Projects\Calculator\Calculator\Calculator.vcxproj" on node 2 (Build target(s)).
     1>ClCompile:
         C:\Program Files (x86)\Microsoft Visual Studio 11.0\VC\bin\CL.exe /c /ZI /nologo /W3 /WX- /sdl /Od /Oy- /D WIN32 /D _WINDOWS /D _DEBUG /D _UNICODE /D UNICODE /D _AFXDLL /Gm /EHsc /RTC1 /MDd /GS /fp:precise /Zc:wchar_t /Zc:forScope /Yu"stdafx.h" /Fp"Debug\Calculator.pch" /Fo"Debug\\" /Fd"Debug\vc110.pdb" /Gd /TP /analyze- /errorReport:prompt Calculator.cpp CalculatorApp.cpp CalculatorDlg.cpp
         CalculatorDlg.cpp
         Calculator.cpp
         Generating Code...
         Compiling...
         CalculatorApp.cpp
         Generating Code...
       Link:
         C:\Program Files (x86)\Microsoft Visual Studio 11.0\VC\bin\link.exe /ERRORREPORT:PROMPT /OUT:"C:\Users\vova\documents\visual studio 2012\Projects\Calculator\Debug\Calculator.exe" /INCREMENTAL /NOLOGO /MANIFEST /MANIFESTUAC:"level='asInvoker' uiAccess='false'" /manifest:embed /manifestinput:"C:\Program Files (x86)\Microsoft Visual Studio 11.0\VC\Include\Manifest\dpiaware.manifest" /DEBUG /PDB:"C:\Users\vova\documents\visual studio 2012\Projects\Calculator\Debug\Calculator.pdb" /SUBSYSTEM:WINDOWS /TLBID:1 /ENTRY:"wWinMainCRTStartup" /DYNAMICBASE /NXCOMPAT /IMPLIB:"C:\Users\vova\documents\visual studio 2012\Projects\Calculator\Debug\Calculator.lib" /MACHINE:X86 Debug\Calculator.res
         Debug\Calculator.obj
         Debug\CalculatorApp.obj
         Debug\CalculatorDlg.obj
         Debug\stdafx.obj
         Calculator.vcxproj -> C:\Users\vova\documents\visual studio 2012\Projects\Calculator\Debug\Calculator.exe
     1>Done Building Project "C:\Users\vova\documents\visual studio 2012\Projects\Calculator\Calculator\Calculator.vcxproj" (Build target(s)).

Build succeeded.

Time Elapsed 00:00:58.84
